
  .   ____          _            __ _ _
 /\\ / ___'_ __ _ _(_)_ __  __ _ \ \ \ \
( ( )\___ | '_ | '_| | '_ \/ _` | \ \ \ \
 \\/  ___)| |_)| | | | | || (_| |  ) ) ) )
  '  |____| .__|_| |_|_| |_\__, | / / / /
 =========|_|==============|___/=/_/_/_/
 :: Spring Boot ::                (v3.1.5)

2026-02-07 22:56:12.370 [main] INFO  com.campus.cat.CatRescueApplication - Starting CatRescueApplication v1.0.0 using Java 17.0.13 with PID 9008 (D:\Users\cheng\Desktop\猫咪领养系统-部署包\deploy\backend\cat-rescue.jar started by cheng in D:\Users\cheng\Desktop\猫咪领养系统-部署包\deploy\backend)
2026-02-07 22:56:12.372 [main] INFO  com.campus.cat.CatRescueApplication - The following 1 profile is active: "prod"
2026-02-07 22:56:13.649 [main] INFO  o.s.d.r.config.RepositoryConfigurationDelegate - Multiple Spring Data modules found, entering strict repository configuration mode
2026-02-07 22:56:13.652 [main] INFO  o.s.d.r.config.RepositoryConfigurationDelegate - Bootstrapping Spring Data Redis repositories in DEFAULT mode.
2026-02-07 22:56:13.714 [main] INFO  o.s.d.r.config.RepositoryConfigurationDelegate - Finished Spring Data repository scanning in 29 ms. Found 0 Redis repository interfaces.
2026-02-07 22:56:15.110 [main] INFO  o.s.boot.web.embedded.tomcat.TomcatWebServer - Tomcat initialized with port(s): 8080 (http)
2026-02-07 22:56:15.119 [main] INFO  org.apache.catalina.core.StandardService - Starting service [Tomcat]
2026-02-07 22:56:15.120 [main] INFO  org.apache.catalina.core.StandardEngine - Starting Servlet engine: [Apache Tomcat/10.1.15]
2026-02-07 22:56:15.215 [main] INFO  o.a.c.core.ContainerBase.[Tomcat].[localhost].[/] - Initializing Spring embedded WebApplicationContext
2026-02-07 22:56:15.215 [main] INFO  o.s.b.w.s.c.ServletWebServerApplicationContext - Root WebApplicationContext: initialization completed in 2769 ms
2026-02-07 22:56:15.374 [main] INFO  c.a.d.s.b.a.DruidDataSourceAutoConfigure - Init DruidDataSource
2026-02-07 22:56:16.481 [main] INFO  com.alibaba.druid.pool.DruidDataSource - {dataSource-1} inited
 _ _   |_  _ _|_. ___ _ |    _ 
| | |\/|_)(_| | |_\  |_)||_|_\ 
     /               |         
                        3.5.7 
2026-02-07 22:56:20.138 [main] INFO  o.s.b.a.web.servlet.WelcomePageHandlerMapping - Adding welcome page: URL [file:../frontend/index.html]
2026-02-07 22:56:20.572 [main] INFO  o.s.security.web.DefaultSecurityFilterChain - Will secure any request with [org.springframework.security.web.session.DisableEncodeUrlFilter@6fa0450e, org.springframework.security.web.context.request.async.WebAsyncManagerIntegrationFilter@37468787, org.springframework.security.web.context.SecurityContextHolderFilter@5f2bd6d9, org.springframework.security.web.header.HeaderWriterFilter@70e94ecb, org.springframework.web.filter.CorsFilter@51ec2856, org.springframework.security.web.authentication.logout.LogoutFilter@30ca0779, com.campus.cat.security.JwtAuthenticationFilter@2650f79, org.springframework.security.web.savedrequest.RequestCacheAwareFilter@43d9f1a2, org.springframework.security.web.servletapi.SecurityContextHolderAwareRequestFilter@2264ea32, org.springframework.security.web.authentication.AnonymousAuthenticationFilter@714f3da4, org.springframework.security.web.session.SessionManagementFilter@1947596f, org.springframework.security.web.access.ExceptionTranslationFilter@4acc5dff, org.springframework.security.web.access.intercept.AuthorizationFilter@4cb2918c]
2026-02-07 22:56:22.514 [main] WARN  o.s.b.w.s.c.AnnotationConfigServletWebServerApplicationContext - Exception encountered during context initialization - cancelling refresh attempt: org.springframework.context.ApplicationContextException: Failed to start bean 'webServerStartStop'
2026-02-07 22:56:22.565 [main] INFO  com.alibaba.druid.pool.DruidDataSource - {dataSource-1} closing ...
2026-02-07 22:56:22.589 [main] INFO  com.alibaba.druid.pool.DruidDataSource - {dataSource-1} closed
2026-02-07 22:56:22.601 [main] INFO  org.apache.catalina.core.StandardService - Stopping service [Tomcat]
2026-02-07 22:56:22.649 [main] INFO  o.s.b.a.logging.ConditionEvaluationReportLogger - 

Error starting ApplicationContext. To display the condition evaluation report re-run your application with 'debug' enabled.
2026-02-07 22:56:22.707 [main] ERROR o.s.b.diagnostics.LoggingFailureAnalysisReporter - 

***************************
APPLICATION FAILED TO START
***************************

Description:

Web server failed to start. Port 8080 was already in use.

Action:

Identify and stop the process that's listening on port 8080 or configure this application to listen on another port.

